<?xml version="1.0" encoding="UTF-8"?>
<testng-results ignored="0" total="1" passed="1" failed="0" skipped="0">
  <reporter-output>
  </reporter-output>
  <suite started-at="2024-06-15T13:16:05 IST" name="Default suite" finished-at="2024-06-15T13:16:24 IST" duration-ms="19298">
    <groups>
    </groups>
    <test started-at="2024-06-15T13:16:05 IST" name="Default test" finished-at="2024-06-15T13:16:24 IST" duration-ms="19298">
      <class name="testpackage1.Facebooklogintest">
        <test-method is-config="true" signature="setup()[pri:0, instance:testpackage1.Facebooklogintest@38cee291]" started-at="2024-06-15T13:16:05 IST" name="setup" finished-at="2024-06-15T13:16:15 IST" duration-ms="9600" status="PASS">
          <reporter-output>
          </reporter-output>
        </test-method> <!-- setup -->
        <test-method signature="logintest()[pri:0, instance:testpackage1.Facebooklogintest@38cee291]" started-at="2024-06-15T13:16:15 IST" name="logintest" finished-at="2024-06-15T13:16:24 IST" duration-ms="9012" status="PASS">
          <reporter-output>
          </reporter-output>
        </test-method> <!-- logintest -->
      </class> <!-- testpackage1.Facebooklogintest -->
    </test> <!-- Default test -->
  </suite> <!-- Default suite -->
</testng-results>
